     1                                  ;alive.asm
     2                                  
     3                                  section .data
     4                                  
     5 00000000 48656C6C6F2C20576F-     msg1 	db 	"Hello, World",10,0 	;len(13)
     5 00000009 726C640A00         
     6                                  msg1len equ 	$-msg1-1		; measure of length minus the 0 at last
     7 0000000E 416C69766520616E64-     msg2 	db 	"Alive and Kicking",10,0
     7 00000017 204B69636B696E670A-
     7 00000020 00                 
     8                                  msg2len equ 	$-msg2-1
     9 00000021 6501000000000000        radius 	dq 	357			; not a string 
    10 00000029 1F85EB51B81E0940        pi 	dq 	3.14
    11                                  
    12                                  section .bss
    13                                  section .text
    14                                  	global main
    15                                  main:
    16 00000000 55                      	push 	rbp 			; Function prologue
    17 00000001 4889E5                  	mov 	rbp,rsp			; function prologue
    18                                  
    19 00000004 B801000000              	mov 	rax, 1
    20 00000009 BF01000000              	mov 	rdi, 1
    21 0000000E 48BE-                   	mov 	rsi, msg1
    21 00000010 [0000000000000000] 
    22 00000018 BA0D000000              	mov 	rdx, msg1len
    23 0000001D 0F05                    	syscall
    24                                  
    25 0000001F B801000000              	mov 	rax, 1
    26 00000024 BF01000000              	mov 	rdi, 1
    27 00000029 48BE-                   	mov 	rsi, msg2
    27 0000002B [0E00000000000000] 
    28 00000033 BA12000000              	mov 	rdx, msg2len
    29 00000038 0F05                    	syscall
    30 0000003A 4889EC                  	mov 	rsp,rbp			;function epilogue
    31 0000003D 5D                      	pop 	rbp			;function epilogue
    32 0000003E B83C000000              	mov 	rax, 60
    33 00000043 BF00000000              	mov 	rdi, 0 
    34 00000048 0F05                    	syscall 
